<?xml version="1.0" encoding="UTF-8"?>
<!-- Generated by org.testng.reporters.JUnitReportReporter -->
<testsuite hostname="ATMECSBLRLT-036" failures="0" tests="1" name="goibibo.SignUp" time="39.994" errors="0" timestamp="21 Sep 2020 05:37:59 GMT" skipped="0">
  <testcase classname="goibibo.SignUp" name="signup" time="39.994"/>
</testsuite> <!-- goibibo.SignUp -->
