<?xml version="1.0" encoding="UTF-8"?>
<!-- Generated by org.testng.reporters.JUnitReportReporter -->
<testsuite hostname="ATMECSBLRLT-036" failures="0" tests="1" name="com.atmecs.selenium.RedBus" time="0.000" errors="0" timestamp="18 Sep 2020 08:28:27 GMT" skipped="1">
  <testcase classname="com.atmecs.selenium.RedBus" name="booking" time="0.000">
    <skipped/>
  </testcase> <!-- booking -->
</testsuite> <!-- com.atmecs.selenium.RedBus -->
