<?xml version="1.0" encoding="UTF-8"?>
<!-- Generated by org.testng.reporters.JUnitReportReporter -->
<testsuite hostname="ATMECSBLRLT-036" failures="0" tests="1" name="demoblaze.AddToCart" time="5.411" errors="0" timestamp="18 Sep 2020 12:36:26 GMT" skipped="0">
  <testcase classname="demoblaze.AddToCart" name="demoBlazeAddToCart" time="5.411"/>
</testsuite> <!-- demoblaze.AddToCart -->
