<?xml version="1.0" encoding="UTF-8"?>
<!-- Generated by org.testng.reporters.JUnitReportReporter -->
<testsuite hostname="ATMECSBLRLT-036" failures="0" tests="2" name="com.atmecs.selenium.Goibibo" time="79.139" errors="0" timestamp="16 Sep 2020 04:41:46 GMT" skipped="0">
  <testcase classname="com.atmecs.selenium.Goibibo" name="signup" time="41.189"/>
  <testcase classname="com.atmecs.selenium.Goibibo" name="booking" time="37.950"/>
</testsuite> <!-- com.atmecs.selenium.Goibibo -->
