<?xml version="1.0" encoding="UTF-8"?>
<!-- Generated by org.testng.reporters.JUnitReportReporter -->
<testsuite hostname="ATMECSBLRLT-036" failures="0" tests="2" name="com.atmecs.selenium.AmazonLogin" time="11.660" errors="0" timestamp="17 Sep 2020 08:40:05 GMT" skipped="0">
  <testcase classname="com.atmecs.selenium.AmazonLogin" name="amazonTest" time="3.829"/>
  <testcase classname="com.atmecs.selenium.AmazonLogin" name="amazonLogin" time="7.831"/>
</testsuite> <!-- com.atmecs.selenium.AmazonLogin -->
