<?xml version="1.0" encoding="UTF-8"?>
<!-- Generated by org.testng.reporters.JUnitReportReporter -->
<testsuite hostname="ATMECSBLRLT-036" failures="0" tests="1" name="demoautomation.Register" time="66.611" errors="0" timestamp="19 Sep 2020 06:27:17 GMT" skipped="0">
  <testcase classname="demoautomation.Register" name="register" time="66.611"/>
</testsuite> <!-- demoautomation.Register -->
