<?xml version="1.0" encoding="UTF-8"?>
<!-- Generated by org.testng.reporters.JUnitReportReporter -->
<testsuite hostname="ATMECSBLRLT-036" failures="0" tests="5" name="com.atmecs.selenium.WindowHandles" time="0.000" errors="0" timestamp="18 Sep 2020 08:28:27 GMT" skipped="5">
  <testcase classname="com.atmecs.selenium.WindowHandles" name="twitter" time="0.000">
    <skipped/>
  </testcase> <!-- twitter -->
  <testcase classname="com.atmecs.selenium.WindowHandles" name="linkedIn" time="0.000">
    <skipped/>
  </testcase> <!-- linkedIn -->
  <testcase classname="com.atmecs.selenium.WindowHandles" name="googlePlus" time="0.000">
    <skipped/>
  </testcase> <!-- googlePlus -->
  <testcase classname="com.atmecs.selenium.WindowHandles" name="faceBook" time="0.000">
    <skipped/>
  </testcase> <!-- faceBook -->
  <testcase classname="com.atmecs.selenium.WindowHandles" name="youTube" time="0.000">
    <skipped/>
  </testcase> <!-- youTube -->
</testsuite> <!-- com.atmecs.selenium.WindowHandles -->
