<?xml version="1.0" encoding="UTF-8"?>
<!-- Generated by org.testng.reporters.JUnitReportReporter -->
<testsuite hostname="ATMECSBLRLT-036" failures="0" tests="1" name="demoautomation.GooglePlus" time="4.645" errors="0" timestamp="18 Sep 2020 12:41:34 GMT" skipped="0">
  <testcase classname="demoautomation.GooglePlus" name="googlePlus" time="4.645"/>
</testsuite> <!-- demoautomation.GooglePlus -->
