<?xml version="1.0" encoding="UTF-8"?>
<!-- Generated by org.testng.reporters.JUnitReportReporter -->
<testsuite hostname="ATMECSBLRLT-036" failures="0" tests="5" name="com.atmecs.selenium.DemoBlaze" time="14.754" errors="0" timestamp="15 Sep 2020 07:20:17 GMT" skipped="0">
  <testcase classname="com.atmecs.selenium.DemoBlaze" name="demoBlazeSignUp" time="5.671"/>
  <testcase classname="com.atmecs.selenium.DemoBlaze" name="demoBlazeLogIn" time="0.717"/>
  <testcase classname="com.atmecs.selenium.DemoBlaze" name="demoBlazeContact" time="3.599"/>
  <testcase classname="com.atmecs.selenium.DemoBlaze" name="demoBlazeAddToCart" time="3.823"/>
  <testcase classname="com.atmecs.selenium.DemoBlaze" name="demoBlazeVerifyCart" time="0.944"/>
</testsuite> <!-- com.atmecs.selenium.DemoBlaze -->
