<?xml version="1.0" encoding="UTF-8"?>
<!-- Generated by org.testng.reporters.JUnitReportReporter -->
<testsuite hostname="ATMECSBLRLT-036" failures="0" tests="2" name="com.atmecs.selenium.Goibibo" time="68.913" errors="0" timestamp="15 Sep 2020 09:46:14 GMT" skipped="0">
  <testcase classname="com.atmecs.selenium.Goibibo" name="signup" time="31.383"/>
  <testcase classname="com.atmecs.selenium.Goibibo" name="booking" time="37.530"/>
</testsuite> <!-- com.atmecs.selenium.Goibibo -->
