<?xml version="1.0" encoding="UTF-8"?>
<!-- Generated by org.testng.reporters.JUnitReportReporter -->
<testsuite hostname="ATMECSBLRLT-036" failures="0" tests="1" name="demoautomation.FaceBook" time="5.055" errors="0" timestamp="18 Sep 2020 12:41:34 GMT" skipped="0">
  <testcase classname="demoautomation.FaceBook" name="faceBook" time="5.055"/>
</testsuite> <!-- demoautomation.FaceBook -->
