<?xml version="1.0" encoding="UTF-8"?>
<!-- Generated by org.testng.reporters.JUnitReportReporter -->
<testsuite hostname="ATMECSBLRLT-036" failures="0" tests="2" name="com.atmecs.selenium.AmazonLogin" time="0.000" errors="0" timestamp="18 Sep 2020 08:28:27 GMT" skipped="2">
  <testcase classname="com.atmecs.selenium.AmazonLogin" name="amazonTest" time="0.000">
    <skipped/>
  </testcase> <!-- amazonTest -->
  <testcase classname="com.atmecs.selenium.AmazonLogin" name="amazonLogin" time="0.000">
    <skipped/>
  </testcase> <!-- amazonLogin -->
</testsuite> <!-- com.atmecs.selenium.AmazonLogin -->
