<?xml version="1.0" encoding="UTF-8"?>
<!-- Generated by org.testng.reporters.JUnitReportReporter -->
<testsuite hostname="ATMECSBLRLT-036" failures="0" tests="5" name="com.atmecs.selenium.DemoBlaze" time="0.000" errors="0" timestamp="18 Sep 2020 08:28:27 GMT" skipped="5">
  <testcase classname="com.atmecs.selenium.DemoBlaze" name="demoBlazeSignUp" time="0.000">
    <skipped/>
  </testcase> <!-- demoBlazeSignUp -->
  <testcase classname="com.atmecs.selenium.DemoBlaze" name="demoBlazeLogIn" time="0.000">
    <skipped/>
  </testcase> <!-- demoBlazeLogIn -->
  <testcase classname="com.atmecs.selenium.DemoBlaze" name="demoBlazeContact" time="0.000">
    <skipped/>
  </testcase> <!-- demoBlazeContact -->
  <testcase classname="com.atmecs.selenium.DemoBlaze" name="demoBlazeAddToCart" time="0.000">
    <skipped/>
  </testcase> <!-- demoBlazeAddToCart -->
  <testcase classname="com.atmecs.selenium.DemoBlaze" name="demoBlazeVerifyCart" time="0.000">
    <skipped/>
  </testcase> <!-- demoBlazeVerifyCart -->
</testsuite> <!-- com.atmecs.selenium.DemoBlaze -->
