<?xml version="1.0" encoding="UTF-8"?>
<!-- Generated by org.testng.reporters.JUnitReportReporter -->
<testsuite hostname="ATMECSBLRLT-036" failures="0" tests="1" name="goibibo.SignUp" time="47.025" errors="0" timestamp="18 Sep 2020 12:59:11 GMT" skipped="0">
  <testcase classname="goibibo.SignUp" name="signup" time="47.025"/>
</testsuite> <!-- goibibo.SignUp -->
