<?xml version="1.0" encoding="UTF-8"?>
<!-- Generated by org.testng.reporters.JUnitReportReporter -->
<testsuite hostname="ATMECSBLRLT-036" failures="0" tests="5" name="com.atmecs.selenium.DemoBlaze" time="15.469" errors="0" timestamp="12 Sep 2020 11:37:42 GMT" skipped="0">
  <testcase classname="com.atmecs.selenium.DemoBlaze" name="demoBlazeSignUp" time="5.114"/>
  <testcase classname="com.atmecs.selenium.DemoBlaze" name="demoBlazeLogIn" time="0.664"/>
  <testcase classname="com.atmecs.selenium.DemoBlaze" name="demoBlazeContact" time="4.073"/>
  <testcase classname="com.atmecs.selenium.DemoBlaze" name="demoBlazeAddToCart" time="4.534"/>
  <testcase classname="com.atmecs.selenium.DemoBlaze" name="demoBlazeVerifyCart" time="1.084"/>
</testsuite> <!-- com.atmecs.selenium.DemoBlaze -->
