<?xml version="1.0" encoding="UTF-8"?>
<!-- Generated by org.testng.reporters.JUnitReportReporter -->
<testsuite hostname="ATMECSBLRLT-036" failures="0" tests="1" name="com.atmecs.selenium.PhpTravels" time="42.076" errors="0" timestamp="17 Sep 2020 06:27:50 GMT" skipped="0">
  <testcase classname="com.atmecs.selenium.PhpTravels" name="chatBox" time="42.076"/>
</testsuite> <!-- com.atmecs.selenium.PhpTravels -->
