<?xml version="1.0" encoding="UTF-8"?>
<!-- Generated by org.testng.reporters.JUnitReportReporter -->
<testsuite hostname="ATMECSBLRLT-036" failures="0" tests="1" name="com.atmecs.selenium.DemoAutomation" time="66.595" errors="0" timestamp="16 Sep 2020 11:42:20 GMT" skipped="0">
  <testcase classname="com.atmecs.selenium.DemoAutomation" name="register" time="66.595"/>
</testsuite> <!-- com.atmecs.selenium.DemoAutomation -->
