<?xml version="1.0" encoding="UTF-8"?>
<!-- Generated by org.testng.reporters.JUnitReportReporter -->
<testsuite hostname="ATMECSBLRLT-036" failures="0" tests="2" name="com.atmecs.selenium.Goibibo" time="66.217" errors="0" timestamp="16 Sep 2020 11:53:27 GMT" skipped="0">
  <testcase classname="com.atmecs.selenium.Goibibo" name="signup" time="32.297"/>
  <testcase classname="com.atmecs.selenium.Goibibo" name="booking" time="33.920"/>
</testsuite> <!-- com.atmecs.selenium.Goibibo -->
