<?xml version="1.0" encoding="UTF-8"?>
<!-- Generated by org.testng.reporters.JUnitReportReporter -->
<testsuite hostname="ATMECSBLRLT-036" failures="0" tests="2" name="com.atmecs.selenium.AmazonLogin" time="5.096" errors="0" timestamp="11 Sep 2020 05:10:26 GMT" skipped="0">
  <testcase classname="com.atmecs.selenium.AmazonLogin" name="amazonLogin" time="4.851"/>
  <testcase classname="com.atmecs.selenium.AmazonLogin" name="amazonTest" time="0.245"/>
</testsuite> <!-- com.atmecs.selenium.AmazonLogin -->
