<?xml version="1.0" encoding="UTF-8"?>
<!-- Generated by org.testng.reporters.JUnitReportReporter -->
<testsuite hostname="ATMECSBLRLT-036" failures="0" tests="5" name="com.atmecs.selenium.WindowHandles" time="20.970" errors="0" timestamp="16 Sep 2020 04:43:41 GMT" skipped="0">
  <testcase classname="com.atmecs.selenium.WindowHandles" name="youTube" time="5.482"/>
  <testcase classname="com.atmecs.selenium.WindowHandles" name="faceBook" time="6.176"/>
  <testcase classname="com.atmecs.selenium.WindowHandles" name="googlePlus" time="2.919"/>
  <testcase classname="com.atmecs.selenium.WindowHandles" name="linkedIn" time="2.024"/>
  <testcase classname="com.atmecs.selenium.WindowHandles" name="twitter" time="4.369"/>
</testsuite> <!-- com.atmecs.selenium.WindowHandles -->
