<?xml version="1.0" encoding="UTF-8"?>
<!-- Generated by org.testng.reporters.JUnitReportReporter -->
<testsuite hostname="ATMECSBLRLT-036" failures="0" tests="2" name="com.atmecs.selenium.AmazonLogin" time="7.030" errors="0" timestamp="10 Sep 2020 08:41:07 GMT" skipped="0">
  <testcase classname="com.atmecs.selenium.AmazonLogin" name="amazonTest" time="3.286"/>
  <testcase classname="com.atmecs.selenium.AmazonLogin" name="amazonLogin" time="3.744"/>
</testsuite> <!-- com.atmecs.selenium.AmazonLogin -->
