<?xml version="1.0" encoding="UTF-8"?>
<!-- Generated by org.testng.reporters.JUnitReportReporter -->
<testsuite hostname="ATMECSBLRLT-036" failures="0" tests="5" name="com.atmecs.selenium.WindowHandles" time="29.360" errors="0" timestamp="15 Sep 2020 09:48:47 GMT" skipped="0">
  <testcase classname="com.atmecs.selenium.WindowHandles" name="twitter" time="6.733"/>
  <testcase classname="com.atmecs.selenium.WindowHandles" name="youTube" time="12.105"/>
  <testcase classname="com.atmecs.selenium.WindowHandles" name="faceBook" time="5.276"/>
  <testcase classname="com.atmecs.selenium.WindowHandles" name="googlePlus" time="3.120"/>
  <testcase classname="com.atmecs.selenium.WindowHandles" name="linkedIn" time="2.126"/>
</testsuite> <!-- com.atmecs.selenium.WindowHandles -->
