<?xml version="1.0" encoding="UTF-8"?>
<!-- Generated by org.testng.reporters.JUnitReportReporter -->
<testsuite hostname="ATMECSBLRLT-036" failures="0" tests="1" name="com.atmecs.selenium.DemoAutomation" time="47.239" errors="0" timestamp="16 Sep 2020 04:38:52 GMT" skipped="0">
  <testcase classname="com.atmecs.selenium.DemoAutomation" name="register" time="47.239"/>
</testsuite> <!-- com.atmecs.selenium.DemoAutomation -->
